<?xml version="1.0" encoding="UTF-8"?>
<!-- Generated by org.testng.reporters.JUnitReportReporter -->
<testsuite hostname="6HC73Z2" failures="0" tests="1" name="www.jira.api.restapi.Rest1" time="1.834" errors="0" timestamp="28 Mar 2021 17:28:55 GMT" skipped="0">
  <testcase classname="www.jira.api.restapi.Rest1" name="startEndPoint" time="1.834"/>
</testsuite> <!-- www.jira.api.restapi.Rest1 -->
