<?xml version="1.0" encoding="UTF-8"?>
<!-- Generated by org.testng.reporters.JUnitReportReporter -->
<testsuite hostname="6HC73Z2" failures="0" tests="1" name="www.rest.api.restapi.SaileshTestAssignment" time="37.577" errors="0" timestamp="25 Jul 2023 19:30:13 GMT" skipped="0">
  <testcase classname="www.rest.api.restapi.SaileshTestAssignment" name="weatherTest" time="37.577"/>
</testsuite> <!-- www.rest.api.restapi.SaileshTestAssignment -->
