<?xml version="1.0" encoding="UTF-8"?>
<!-- Generated by org.testng.reporters.JUnitReportReporter -->
<testsuite hostname="LAPTOP-6K13RAAG" failures="0" tests="1" name="www.rest.api.restapi.NimesaTechnologiesTestAssignment" time="50.195" errors="0" timestamp="25 Jul 2023 19:49:33 GMT" skipped="0">
  <testcase classname="www.rest.api.restapi.NimesaTechnologiesTestAssignment" name="weatherTest" time="50.195"/>
</testsuite> <!-- www.rest.api.restapi.NimesaTechnologiesTestAssignment -->
