<?xml version="1.0" encoding="UTF-8"?>
<!-- Generated by org.testng.reporters.JUnitReportReporter -->
<testsuite hostname="LAPTOP-6K13RAAG" failures="0" tests="1" name="www.rest.api.restapi.WeatherAPI" time="27.338" errors="0" timestamp="26 Jul 2023 07:05:52 GMT" skipped="0">
  <testcase classname="www.rest.api.restapi.WeatherAPI" name="weatherTest" time="27.338"/>
</testsuite> <!-- www.rest.api.restapi.WeatherAPI -->
